[debug] [2023-05-16T01:03:24.338Z] ----------------------------------------------------------------------
[debug] [2023-05-16T01:03:24.341Z] Command:       C:\Program Files\nodejs\node.exe C:\Program Files\nodejs\node_modules\firebase-tools\lib\bin\firebase.js deploy
[debug] [2023-05-16T01:03:24.341Z] CLI Version:   12.0.0
[debug] [2023-05-16T01:03:24.341Z] Platform:      win32
[debug] [2023-05-16T01:03:24.341Z] Node Version:  v20.1.0
[debug] [2023-05-16T01:03:24.341Z] Time:          Mon May 15 2023 21:03:24 GMT-0400 (Eastern Daylight Saving Time)
[debug] [2023-05-16T01:03:24.341Z] ----------------------------------------------------------------------
[debug] 
[debug] [2023-05-16T01:03:24.408Z] > command requires scopes: ["email","openid","https://www.googleapis.com/auth/cloudplatformprojects.readonly","https://www.googleapis.com/auth/firebase","https://www.googleapis.com/auth/cloud-platform"]
[debug] [2023-05-16T01:03:24.408Z] > authorizing via signed-in user (bargineo@gmail.com)
[debug] [2023-05-16T01:03:24.408Z] [iam] checking project mttt-8a3d3 for permissions ["firebase.projects.get","firebasehosting.sites.update"]
[debug] [2023-05-16T01:03:24.410Z] >>> [apiv2][query] POST https://cloudresourcemanager.googleapis.com/v1/projects/mttt-8a3d3:testIamPermissions [none]
[debug] [2023-05-16T01:03:24.410Z] >>> [apiv2][(partial)header] POST https://cloudresourcemanager.googleapis.com/v1/projects/mttt-8a3d3:testIamPermissions x-goog-quota-user=projects/mttt-8a3d3
[debug] [2023-05-16T01:03:24.410Z] >>> [apiv2][body] POST https://cloudresourcemanager.googleapis.com/v1/projects/mttt-8a3d3:testIamPermissions {"permissions":["firebase.projects.get","firebasehosting.sites.update"]}
[debug] [2023-05-16T01:03:24.809Z] <<< [apiv2][status] POST https://cloudresourcemanager.googleapis.com/v1/projects/mttt-8a3d3:testIamPermissions 200
[debug] [2023-05-16T01:03:24.809Z] <<< [apiv2][body] POST https://cloudresourcemanager.googleapis.com/v1/projects/mttt-8a3d3:testIamPermissions {"permissions":["firebase.projects.get","firebasehosting.sites.update"]}
[debug] [2023-05-16T01:03:24.810Z] >>> [apiv2][query] GET https://firebase.googleapis.com/v1beta1/projects/mttt-8a3d3 [none]
[debug] [2023-05-16T01:03:25.110Z] <<< [apiv2][status] GET https://firebase.googleapis.com/v1beta1/projects/mttt-8a3d3 200
[debug] [2023-05-16T01:03:25.110Z] <<< [apiv2][body] GET https://firebase.googleapis.com/v1beta1/projects/mttt-8a3d3 {"projectId":"mttt-8a3d3","projectNumber":"570659311231","displayName":"mttt","name":"projects/mttt-8a3d3","resources":{"hostingSite":"mttt-8a3d3"},"state":"ACTIVE","etag":"1_9611765c-947e-4c69-8dde-bee35f1f1eae"}
[debug] [2023-05-16T01:03:57.379Z] Error: Export encountered errors on following paths:
	/contexts/GlobalState
	/contexts/ScrollSmoother
    at C:\Users\moham\OneDrive\Desktop\websites\port\node_modules\next\dist\export\index.js:608:19
    at process.processTicksAndRejections (node:internal/process/task_queues:95:5)
    at async Span.traceAsyncFn (C:\Users\moham\OneDrive\Desktop\websites\port\node_modules\next\dist\trace\trace.js:97:20)
    at async C:\Users\moham\OneDrive\Desktop\websites\port\node_modules\next\dist\build\index.js:1440:21
    at async Span.traceAsyncFn (C:\Users\moham\OneDrive\Desktop\websites\port\node_modules\next\dist\trace\trace.js:97:20)
    at async C:\Users\moham\OneDrive\Desktop\websites\port\node_modules\next\dist\build\index.js:1298:17
    at async Span.traceAsyncFn (C:\Users\moham\OneDrive\Desktop\websites\port\node_modules\next\dist\trace\trace.js:97:20)
    at async build (C:\Users\moham\OneDrive\Desktop\websites\port\node_modules\next\dist\build\index.js:143:29)
    at async build (C:\Users\moham\AppData\Roaming\nvm\v20.1.0\node_modules\firebase-tools\lib\frameworks\next\index.js:56:5)
    at async prepareFrameworks (C:\Users\moham\AppData\Roaming\nvm\v20.1.0\node_modules\firebase-tools\lib\frameworks\index.js:207:122)
[error] 
[error] Error: An unexpected error has occurred.
